<?xml version="1.0" encoding="UTF-8"?>
<!-- Generated by org.testng.reporters.JUnitReportReporter -->
<testsuite skipped="0" hostname="DESKTOP-73N32BV" name="org.example.testRunner.runners" tests="16" failures="1" timestamp="2023-02-22T00:35:53 EET" time="285.288" errors="2">
  <testcase name="runScenario" time="17.256" classname="org.example.testRunner.runners">
    <error type="java.lang.IndexOutOfBoundsException" message="Index: 1, Size: 1">
      <![CDATA[java.lang.IndexOutOfBoundsException: Index: 1, Size: 1
at java.util.ArrayList.rangeCheck(ArrayList.java:659)
at java.util.ArrayList.get(ArrayList.java:435)
at org.example.stepDefs.D08_addToCartStepDef.succAddToCart(D08_addToCartStepDef.java:75)
at ✽.products added to the shopping cart(file:///F:/Desktop/sw%20testing/Java/demonopcommerce/src/main/resources/features/F08_AddToCart.feature:9)
]]>
    </error>
  </testcase> <!-- runScenario -->
  <system-out/>
  <testcase name="runScenario" time="14.764" classname="org.example.testRunner.runners"/>
  <system-out/>
  <testcase name="runScenario" time="18.789" classname="org.example.testRunner.runners"/>
  <system-out/>
  <testcase name="runScenario" time="14.906" classname="org.example.testRunner.runners"/>
  <system-out/>
  <testcase name="runScenario" time="19.671" classname="org.example.testRunner.runners"/>
  <system-out/>
  <testcase name="runScenario" time="16.201" classname="org.example.testRunner.runners">
    <failure type="java.lang.AssertionError" message="The following asserts failed:
	expected [true] but found [false]">
      <![CDATA[java.lang.AssertionError: The following asserts failed:
expected [true] but found [false]
at org.testng.asserts.SoftAssert.assertAll(SoftAssert.java:47)
at org.testng.asserts.SoftAssert.assertAll(SoftAssert.java:31)
at org.example.stepDefs.D04_searchStepDef.verifyProductTitleWithProName(D04_searchStepDef.java:37)
at ✽.products with "book" search keyword are shown(file:///F:/Desktop/sw%20testing/Java/demonopcommerce/src/main/resources/features/F04_Search.feature:6)
]]>
    </failure>
  </testcase> <!-- runScenario -->
  <system-out/>
  <testcase name="runScenario" time="15.293" classname="org.example.testRunner.runners"/>
  <system-out/>
  <testcase name="runScenario" time="21.144" classname="org.example.testRunner.runners"/>
  <system-out/>
  <testcase name="runScenario" time="19.164" classname="org.example.testRunner.runners"/>
  <system-out/>
  <testcase name="runScenario" time="15.623" classname="org.example.testRunner.runners"/>
  <system-out/>
  <testcase name="runScenario" time="16.654" classname="org.example.testRunner.runners"/>
  <system-out/>
  <testcase name="runScenario" time="19.006" classname="org.example.testRunner.runners"/>
  <system-out/>
  <testcase name="runScenario" time="30.613" classname="org.example.testRunner.runners">
    <error type="org.openqa.selenium.NoSuchElementException" message="Cannot locate option with index: 13
For documentation on this error, please visit: https://selenium.dev/exceptions/#no_such_element
Build info: version: &#039;4.7.1&#039;, revision: &#039;c6795baf1a3&#039;
System info: os.name: &#039;Windows 10&#039;, os.arch: &#039;amd64&#039;, os.version: &#039;10.0&#039;, java.version: &#039;1.8.0_362&#039;
Driver info: driver.version: unknown">
      <![CDATA[org.openqa.selenium.NoSuchElementException: Cannot locate option with index: 13
For documentation on this error, please visit: https://selenium.dev/exceptions/#no_such_element
Build info: version: '4.7.1', revision: 'c6795baf1a3'
System info: os.name: 'Windows 10', os.arch: 'amd64', os.version: '10.0', java.version: '1.8.0_362'
Driver info: driver.version: unknown
at org.openqa.selenium.support.ui.Select.setSelectedByIndex(Select.java:305)
at org.openqa.selenium.support.ui.Select.selectByIndex(Select.java:179)
at org.example.stepDefs.D01_registerStepDef.enterDateOfBirth(D01_registerStepDef.java:39)
at ✽.user enter date of birth(file:///F:/Desktop/sw%20testing/Java/demonopcommerce/src/main/resources/features/F01_Register.feature:8)
]]>
    </error>
  </testcase> <!-- runScenario -->
  <system-out/>
  <testcase name="runScenario" time="15.009" classname="org.example.testRunner.runners"/>
  <system-out/>
  <testcase name="runScenario" time="14.316" classname="org.example.testRunner.runners"/>
  <system-out/>
  <testcase name="runScenario" time="16.879" classname="org.example.testRunner.runners"/>
  <system-out/>
</testsuite> <!-- org.example.testRunner.runners -->
